[debug] [2022-03-22T10:39:30.917Z] ----------------------------------------------------------------------
[debug] [2022-03-22T10:39:30.919Z] Command:       C:\Program Files\nodejs\node.exe C:\Users\rossm\AppData\Roaming\npm\node_modules\firebase-tools\lib\bin\firebase.js deploy --only functions:graco
[debug] [2022-03-22T10:39:30.920Z] CLI Version:   10.2.2
[debug] [2022-03-22T10:39:30.920Z] Platform:      win32
[debug] [2022-03-22T10:39:30.920Z] Node Version:  v14.18.1
[debug] [2022-03-22T10:39:30.921Z] Time:          Tue Mar 22 2022 06:39:30 GMT-0400 (Eastern Daylight Time)
[debug] [2022-03-22T10:39:30.921Z] ----------------------------------------------------------------------
[debug] 
[debug] [2022-03-22T10:39:30.924Z] >>> [apiv2][query] GET https://firebase-public.firebaseio.com/cli.json [none]
[debug] [2022-03-22T10:39:30.991Z] > command requires scopes: ["email","openid","https://www.googleapis.com/auth/cloudplatformprojects.readonly","https://www.googleapis.com/auth/firebase","https://www.googleapis.com/auth/cloud-platform"]
[debug] [2022-03-22T10:39:30.992Z] > authorizing via signed-in user (ross.matheny@gmail.com)
[debug] [2022-03-22T10:39:30.992Z] [iam] checking project carseatfinder-54e10 for permissions ["cloudfunctions.functions.create","cloudfunctions.functions.delete","cloudfunctions.functions.get","cloudfunctions.functions.list","cloudfunctions.functions.update","cloudfunctions.operations.get","firebase.projects.get"]
[debug] [2022-03-22T10:39:30.992Z] > refreshing access token with scopes: []
[debug] [2022-03-22T10:39:30.993Z] >>> HTTP REQUEST POST https://www.googleapis.com/oauth2/v3/token  
 <request body omitted>
[debug] [2022-03-22T10:39:31.162Z] <<< HTTP RESPONSE 200 {"cache-control":"no-cache, no-store, max-age=0, must-revalidate","expires":"Mon, 01 Jan 1990 00:00:00 GMT","date":"Tue, 22 Mar 2022 10:39:30 GMT","pragma":"no-cache","content-type":"application/json; charset=utf-8","vary":"X-Origin, Referer, Origin,Accept-Encoding","server":"scaffolding on HTTPServer2","x-xss-protection":"0","x-frame-options":"SAMEORIGIN","x-content-type-options":"nosniff","alt-svc":"h3=\":443\"; ma=2592000,h3-29=\":443\"; ma=2592000,h3-Q050=\":443\"; ma=2592000,h3-Q046=\":443\"; ma=2592000,h3-Q043=\":443\"; ma=2592000,quic=\":443\"; ma=2592000; v=\"46,43\"","accept-ranges":"none","transfer-encoding":"chunked"}
[debug] [2022-03-22T10:39:31.170Z] >>> [apiv2][query] POST https://cloudresourcemanager.googleapis.com/v1/projects/carseatfinder-54e10:testIamPermissions [none]
[debug] [2022-03-22T10:39:31.170Z] >>> [apiv2][body] POST https://cloudresourcemanager.googleapis.com/v1/projects/carseatfinder-54e10:testIamPermissions {"permissions":["cloudfunctions.functions.create","cloudfunctions.functions.delete","cloudfunctions.functions.get","cloudfunctions.functions.list","cloudfunctions.functions.update","cloudfunctions.operations.get","firebase.projects.get"]}
[debug] [2022-03-22T10:39:31.194Z] <<< [apiv2][status] GET https://firebase-public.firebaseio.com/cli.json 200
[debug] [2022-03-22T10:39:31.194Z] <<< [apiv2][body] GET https://firebase-public.firebaseio.com/cli.json {"cloudBuildErrorAfter":1594252800000,"cloudBuildWarnAfter":1590019200000,"defaultNode10After":1594252800000,"minVersion":"3.0.5","node8DeploysDisabledAfter":1613390400000,"node8RuntimeDisabledAfter":1615809600000,"node8WarnAfter":1600128000000}
[debug] [2022-03-22T10:39:31.349Z] <<< [apiv2][status] POST https://cloudresourcemanager.googleapis.com/v1/projects/carseatfinder-54e10:testIamPermissions 200
[debug] [2022-03-22T10:39:31.350Z] <<< [apiv2][body] POST https://cloudresourcemanager.googleapis.com/v1/projects/carseatfinder-54e10:testIamPermissions {"permissions":["cloudfunctions.functions.create","cloudfunctions.functions.delete","cloudfunctions.functions.get","cloudfunctions.functions.list","cloudfunctions.functions.update","cloudfunctions.operations.get","firebase.projects.get"]}
[debug] [2022-03-22T10:39:31.350Z] >>> [apiv2][query] POST https://iam.googleapis.com/v1/projects/carseatfinder-54e10/serviceAccounts/carseatfinder-54e10@appspot.gserviceaccount.com:testIamPermissions [none]
[debug] [2022-03-22T10:39:31.350Z] >>> [apiv2][body] POST https://iam.googleapis.com/v1/projects/carseatfinder-54e10/serviceAccounts/carseatfinder-54e10@appspot.gserviceaccount.com:testIamPermissions {"permissions":["iam.serviceAccounts.actAs"]}
[debug] [2022-03-22T10:39:31.558Z] <<< [apiv2][status] POST https://iam.googleapis.com/v1/projects/carseatfinder-54e10/serviceAccounts/carseatfinder-54e10@appspot.gserviceaccount.com:testIamPermissions 200
[debug] [2022-03-22T10:39:31.558Z] <<< [apiv2][body] POST https://iam.googleapis.com/v1/projects/carseatfinder-54e10/serviceAccounts/carseatfinder-54e10@appspot.gserviceaccount.com:testIamPermissions {"permissions":["iam.serviceAccounts.actAs"]}
[info] 
[info] === Deploying to 'carseatfinder-54e10'...
[info] 
[info] i  deploying functions 
[info] Running command: npm --prefix "$RESOURCE_DIR" run lint
[info] +  functions: Finished running predeploy script. 
[debug] [2022-03-22T10:39:32.573Z] Validating nodejs source
